Performing C++ SOURCE FILE Test HAS_CXX20_FLAG failed with the following output:
Change Dir: /home/ryan/robot_center/src/CMakeFiles/CMakeTmp

Run Build Command:"/usr/bin/make" "cmTC_7efcb/fast"
/usr/bin/make -f CMakeFiles/cmTC_7efcb.dir/build.make CMakeFiles/cmTC_7efcb.dir/build
make[1]: Entering directory '/home/ryan/robot_center/src/CMakeFiles/CMakeTmp'
Building CXX object CMakeFiles/cmTC_7efcb.dir/src.cxx.o
/usr/bin/c++     -DHAS_CXX20_FLAG   -std=c++2a -o CMakeFiles/cmTC_7efcb.dir/src.cxx.o -c /home/ryan/robot_center/src/CMakeFiles/CMakeTmp/src.cxx
c++: error: unrecognized command line option '-std=c++2a'; did you mean '-std=c++03'?
CMakeFiles/cmTC_7efcb.dir/build.make:65: recipe for target 'CMakeFiles/cmTC_7efcb.dir/src.cxx.o' failed
make[1]: *** [CMakeFiles/cmTC_7efcb.dir/src.cxx.o] Error 1
make[1]: Leaving directory '/home/ryan/robot_center/src/CMakeFiles/CMakeTmp'
Makefile:126: recipe for target 'cmTC_7efcb/fast' failed
make: *** [cmTC_7efcb/fast] Error 2

Source file was:
int main() { return 0; }
Determining if the pthread_create exist failed with the following output:
Change Dir: /home/ryan/robot_center/src/CMakeFiles/CMakeTmp

Run Build Command:"/usr/bin/make" "cmTC_0e516/fast"
/usr/bin/make -f CMakeFiles/cmTC_0e516.dir/build.make CMakeFiles/cmTC_0e516.dir/build
make[1]: Entering directory '/home/ryan/robot_center/src/CMakeFiles/CMakeTmp'
Building CXX object CMakeFiles/cmTC_0e516.dir/CheckSymbolExists.cxx.o
/usr/bin/c++      -o CMakeFiles/cmTC_0e516.dir/CheckSymbolExists.cxx.o -c /home/ryan/robot_center/src/CMakeFiles/CMakeTmp/CheckSymbolExists.cxx
Linking CXX executable cmTC_0e516
/usr/bin/cmake -E cmake_link_script CMakeFiles/cmTC_0e516.dir/link.txt --verbose=1
/usr/bin/c++        CMakeFiles/cmTC_0e516.dir/CheckSymbolExists.cxx.o  -o cmTC_0e516 
CMakeFiles/cmTC_0e516.dir/CheckSymbolExists.cxx.o: In function `main':
CheckSymbolExists.cxx:(.text+0x16): undefined reference to `pthread_create'
collect2: error: ld returned 1 exit status
CMakeFiles/cmTC_0e516.dir/build.make:97: recipe for target 'cmTC_0e516' failed
make[1]: *** [cmTC_0e516] Error 1
make[1]: Leaving directory '/home/ryan/robot_center/src/CMakeFiles/CMakeTmp'
Makefile:126: recipe for target 'cmTC_0e516/fast' failed
make: *** [cmTC_0e516/fast] Error 2

File /home/ryan/robot_center/src/CMakeFiles/CMakeTmp/CheckSymbolExists.cxx:
/* */
#include <pthread.h>

int main(int argc, char** argv)
{
  (void)argv;
#ifndef pthread_create
  return ((int*)(&pthread_create))[argc];
#else
  (void)argc;
  return 0;
#endif
}

Determining if the function pthread_create exists in the pthreads failed with the following output:
Change Dir: /home/ryan/robot_center/src/CMakeFiles/CMakeTmp

Run Build Command:"/usr/bin/make" "cmTC_a88b8/fast"
/usr/bin/make -f CMakeFiles/cmTC_a88b8.dir/build.make CMakeFiles/cmTC_a88b8.dir/build
make[1]: Entering directory '/home/ryan/robot_center/src/CMakeFiles/CMakeTmp'
Building CXX object CMakeFiles/cmTC_a88b8.dir/CheckFunctionExists.cxx.o
/usr/bin/c++     -DCHECK_FUNCTION_EXISTS=pthread_create   -o CMakeFiles/cmTC_a88b8.dir/CheckFunctionExists.cxx.o -c /home/ryan/robot_center/src/CMakeFiles/CheckLibraryExists/CheckFunctionExists.cxx
Linking CXX executable cmTC_a88b8
/usr/bin/cmake -E cmake_link_script CMakeFiles/cmTC_a88b8.dir/link.txt --verbose=1
/usr/bin/c++    -DCHECK_FUNCTION_EXISTS=pthread_create    CMakeFiles/cmTC_a88b8.dir/CheckFunctionExists.cxx.o  -o cmTC_a88b8 -lpthreads 
/usr/bin/x86_64-linux-gnu-ld: cannot find -lpthreads
collect2: error: ld returned 1 exit status
CMakeFiles/cmTC_a88b8.dir/build.make:97: recipe for target 'cmTC_a88b8' failed
make[1]: *** [cmTC_a88b8] Error 1
make[1]: Leaving directory '/home/ryan/robot_center/src/CMakeFiles/CMakeTmp'
Makefile:126: recipe for target 'cmTC_a88b8/fast' failed
make: *** [cmTC_a88b8/fast] Error 2


